
GET|2021-01-25T18:45:46.667Z|localhost:1113:/
GET|2021-01-25T18:45:50.751Z|localhost:1113:/favicon.ico
GET|2021-01-25T18:55:57.617Z|localhost:1113:/
GET|2021-01-25T18:56:01.673Z|localhost:1113:/favicon.ico
GET|2021-01-25T18:56:17.790Z|localhost:1113:/
GET|2021-01-25T18:56:21.824Z|localhost:1113:/favicon.ico
GET|2021-01-25T18:59:18.418Z|localhost:1113:/
GET|2021-01-25T18:59:18.445Z|localhost:1113:/logo.svg
GET|2021-01-25T18:59:18.519Z|localhost:1113:/favicon.ico
GET|2021-01-25T18:59:27.194Z|localhost:1113:/
GET|2021-01-25T18:59:27.227Z|localhost:1113:/logo.svg
GET|2021-01-25T18:59:27.311Z|localhost:1113:/favicon.ico
GET|2021-01-25T19:00:52.493Z|localhost:1113:/
GET|2021-01-25T19:00:52.524Z|localhost:1113:/logo.png
GET|2021-01-25T19:00:52.599Z|localhost:1113:/favicon.ico
GET|2021-01-25T19:04:13.348Z|localhost:1113:/
GET|2021-01-25T19:04:13.391Z|localhost:1113:/css/styles.css
GET|2021-01-25T19:04:13.424Z|localhost:1113:/logo.png
GET|2021-01-25T19:04:13.480Z|localhost:1113:/favicon.ico
GET|2021-01-25T19:04:14.623Z|localhost:1113:/
GET|2021-01-25T19:04:14.648Z|localhost:1113:/css/styles.css
GET|2021-01-25T19:04:14.649Z|localhost:1113:/logo.png
GET|2021-01-25T19:04:14.724Z|localhost:1113:/favicon.ico
GET|2021-01-25T19:04:34.913Z|localhost:1113:/
GET|2021-01-25T19:04:34.943Z|localhost:1113:/css/styles.css
GET|2021-01-25T19:04:34.947Z|localhost:1113:/logo.png
GET|2021-01-25T19:04:35.032Z|localhost:1113:/favicon.ico
GET|2021-01-25T19:04:48.249Z|localhost:1113:/
GET|2021-01-25T19:04:48.281Z|localhost:1113:/css/styles.css
GET|2021-01-25T19:04:48.282Z|localhost:1113:/logo.png
GET|2021-01-25T19:04:48.355Z|localhost:1113:/favicon.ico
GET|2021-01-25T19:05:03.747Z|localhost:1113:/
GET|2021-01-25T19:05:03.781Z|localhost:1113:/css/styles.css
GET|2021-01-25T19:05:03.785Z|localhost:1113:/logo.png
GET|2021-01-25T19:05:03.875Z|localhost:1113:/favicon.ico
GET|2021-01-25T19:05:05.044Z|localhost:1113:/
GET|2021-01-25T19:05:05.069Z|localhost:1113:/css/styles.css
GET|2021-01-25T19:05:05.071Z|localhost:1113:/logo.png
GET|2021-01-25T19:05:05.150Z|localhost:1113:/favicon.ico
GET|2021-01-25T19:05:30.564Z|localhost:1113:/
GET|2021-01-25T19:05:30.592Z|localhost:1113:/css/styles.css
GET|2021-01-25T19:05:30.641Z|localhost:1113:/logo.png
GET|2021-01-25T19:05:30.699Z|localhost:1113:/favicon.ico
GET|2021-01-25T19:05:32.857Z|localhost:1113:/css/styles.css
GET|2021-01-25T19:11:08.336Z|localhost:1113:/
GET|2021-01-25T19:11:08.376Z|localhost:1113:/logo.png
GET|2021-01-25T19:11:08.527Z|localhost:1113:/favicon.ico
GET|2021-01-25T19:13:58.445Z|localhost:1113:/
GET|2021-01-25T19:13:58.479Z|localhost:1113:/logo.png
GET|2021-01-25T19:13:58.613Z|localhost:1113:/favicon.ico
GET|2021-01-25T19:18:46.634Z|localhost:1113:/
GET|2021-01-25T19:18:46.673Z|localhost:1113:/logo.png
GET|2021-01-25T19:18:46.804Z|localhost:1113:/icono.png
GET|2021-01-25T19:20:12.867Z|localhost:1113:/index.html
GET|2021-01-25T19:20:12.902Z|localhost:1113:/logo.png
GET|2021-01-25T19:20:15.066Z|localhost:1113:/cursos.html
GET|2021-01-25T19:20:15.099Z|localhost:1113:/logo.png
GET|2021-01-25T19:20:15.947Z|localhost:1113:/empleo.html
GET|2021-01-25T19:20:15.978Z|localhost:1113:/logo.png
GET|2021-01-25T19:20:16.825Z|localhost:1113:/alumnos.html
GET|2021-01-25T19:20:16.859Z|localhost:1113:/logo.png
GET|2021-01-25T19:20:17.720Z|localhost:1113:/empresas.html
GET|2021-01-25T19:20:17.754Z|localhost:1113:/logo.png
GET|2021-01-25T19:20:18.797Z|localhost:1113:/blog.html
GET|2021-01-25T19:20:18.833Z|localhost:1113:/logo.png
GET|2021-01-25T19:20:20.163Z|localhost:1113:/index.html
GET|2021-01-25T19:20:20.204Z|localhost:1113:/logo.png
GET|2021-01-25T19:20:54.141Z|localhost:1113:/indeslakuhd
GET|2021-01-25T19:20:54.185Z|localhost:1113:/logo.png
GET|2021-01-25T19:24:50.230Z|localhost:1113:/cursos.html
GET|2021-01-25T19:24:50.271Z|localhost:1113:/logo.png
GET|2021-01-25T19:24:53.633Z|localhost:1113:/empleo.html
GET|2021-01-25T19:24:53.667Z|localhost:1113:/logo.png
GET|2021-01-25T19:24:54.694Z|localhost:1113:/cursos.html
GET|2021-01-25T19:24:54.726Z|localhost:1113:/logo.png
GET|2021-01-25T19:50:19.802Z|localhost:1113:/cursos.html
GET|2021-01-25T19:50:19.908Z|localhost:1113:/logo.png
GET|2021-01-25T19:50:20.072Z|localhost:1113:/icono.png
GET|2021-01-25T19:50:29.431Z|localhost:1113:/cursos.html
GET|2021-01-25T19:50:29.466Z|localhost:1113:/logo.png
GET|2021-01-25T19:50:30.709Z|localhost:1113:/empleo.html
GET|2021-01-25T19:50:30.742Z|localhost:1113:/logo.png
GET|2021-01-25T19:50:31.694Z|localhost:1113:/alumnos.html
GET|2021-01-25T19:50:31.729Z|localhost:1113:/logo.png
GET|2021-01-25T19:50:32.652Z|localhost:1113:/empresas.html
GET|2021-01-25T19:50:32.684Z|localhost:1113:/logo.png
GET|2021-01-25T19:50:33.876Z|localhost:1113:/blog.html
GET|2021-01-25T19:50:33.909Z|localhost:1113:/logo.png
GET|2021-01-25T19:50:35.021Z|localhost:1113:/cursos.html
GET|2021-01-25T19:50:35.051Z|localhost:1113:/logo.png
GET|2021-01-25T19:50:36.170Z|localhost:1113:/cursos.html
GET|2021-01-25T19:50:36.201Z|localhost:1113:/logo.png
GET|2021-01-25T19:50:36.623Z|localhost:1113:/index.html
GET|2021-01-25T19:50:36.652Z|localhost:1113:/logo.png
GET|2021-01-25T19:57:38.525Z|localhost:1113:/index.html
GET|2021-01-25T19:57:38.629Z|localhost:1113:/logo.png
GET|2021-01-25T19:57:38.754Z|localhost:1113:/icono.png
GET|2021-01-25T20:16:49.917Z|localhost:1113:/index.html
GET|2021-01-25T20:16:49.961Z|localhost:1113:/logo.png
GET|2021-01-25T20:16:50.054Z|localhost:1113:/icono.png
GET|2021-01-25T20:17:03.759Z|localhost:1113:/index.html
GET|2021-01-25T20:17:03.788Z|localhost:1113:/logo.png
GET|2021-01-25T20:17:03.864Z|localhost:1113:/icono.png
GET|2021-01-25T20:17:18.583Z|localhost:1113:/index.html
GET|2021-01-25T20:17:18.612Z|localhost:1113:/logo.png
GET|2021-01-25T20:17:18.683Z|localhost:1113:/icono.png
GET|2021-01-25T20:17:38.196Z|localhost:1113:/index.html
GET|2021-01-25T20:17:38.229Z|localhost:1113:/logo.png
GET|2021-01-25T20:17:38.312Z|localhost:1113:/icono.png
GET|2021-01-25T20:24:58.716Z|localhost:1113:/index.html
GET|2021-01-25T20:25:03.329Z|localhost:1113:/logo.png
GET|2021-01-25T20:25:04.118Z|localhost:1113:/icono.png
GET|2021-01-25T20:25:24.209Z|localhost:1113:/index.html
GET|2021-01-25T20:25:24.248Z|localhost:1113:/logo.png
GET|2021-01-25T20:25:26.045Z|localhost:1113:/cursos.html
GET|2021-01-25T20:25:26.083Z|localhost:1113:/logo.png
GET|2021-01-25T20:25:26.884Z|localhost:1113:/empleo.html
GET|2021-01-25T20:25:26.916Z|localhost:1113:/logo.png
GET|2021-01-25T20:25:27.640Z|localhost:1113:/index.html
GET|2021-01-25T20:25:27.666Z|localhost:1113:/logo.png
GET|2021-01-25T20:25:28.984Z|localhost:1113:/empleo.html
GET|2021-01-25T20:25:29.018Z|localhost:1113:/logo.png
GET|2021-01-25T20:25:29.857Z|localhost:1113:/alumnos.html
GET|2021-01-25T20:25:29.884Z|localhost:1113:/logo.png
GET|2021-01-25T20:25:30.767Z|localhost:1113:/empresas.html
GET|2021-01-25T20:25:30.795Z|localhost:1113:/logo.png
GET|2021-01-25T20:25:31.533Z|localhost:1113:/blog.html
GET|2021-01-25T20:25:31.561Z|localhost:1113:/logo.png
GET|2021-01-25T20:25:32.424Z|localhost:1113:/cursos.html
GET|2021-01-25T20:25:32.452Z|localhost:1113:/logo.png
GET|2021-01-25T20:25:32.894Z|localhost:1113:/index.html
GET|2021-01-25T20:25:32.924Z|localhost:1113:/logo.png
GET|2021-01-25T20:26:29.323Z|localhost:1113:/index.html
GET|2021-01-25T20:26:29.354Z|localhost:1113:/logo.png
GET|2021-01-25T20:27:12.534Z|localhost:1113:/index.html
GET|2021-01-27T18:28:30.137Z|localhost:1113:/
GET|2021-01-27T18:28:30.225Z|localhost:1113:/logo.png
GET|2021-01-27T18:28:30.346Z|localhost:1113:/icono.png
GET|2021-01-27T18:28:31.889Z|localhost:1113:/cursos.html
GET|2021-01-27T18:28:31.917Z|localhost:1113:/logo.png
GET|2021-01-27T18:28:33.401Z|localhost:1113:/index.html
GET|2021-01-27T18:28:33.429Z|localhost:1113:/logo.png
GET|2021-01-27T18:32:27.403Z|localhost:1113:/cursos.html
GET|2021-01-27T18:32:27.438Z|localhost:1113:/logo.png
GET|2021-01-27T18:32:28.509Z|localhost:1113:/empleo.html
GET|2021-01-27T18:32:28.547Z|localhost:1113:/logo.png
GET|2021-01-27T18:32:29.373Z|localhost:1113:/alumnos.html
GET|2021-01-27T18:32:29.404Z|localhost:1113:/logo.png
GET|2021-01-27T18:32:29.811Z|localhost:1113:/empresas.html
GET|2021-01-27T18:32:29.842Z|localhost:1113:/logo.png
GET|2021-01-27T18:32:30.613Z|localhost:1113:/blog.html
GET|2021-01-27T18:32:30.652Z|localhost:1113:/logo.png
GET|2021-01-27T18:32:31.168Z|localhost:1113:/cursos.html
GET|2021-01-27T18:32:31.196Z|localhost:1113:/logo.png
GET|2021-01-27T18:46:47.057Z|localhost:1113:/cursos.html
GET|2021-01-27T18:46:47.105Z|localhost:1113:/logo.png
GET|2021-01-27T18:51:29.604Z|localhost:1113:/cursos.html
GET|2021-01-27T18:51:29.644Z|localhost:1113:/logo.png
GET|2021-01-27T18:51:29.718Z|localhost:1113:/icono.png
GET|2021-01-27T19:05:53.677Z|localhost:1113:/cursos.html
GET|2021-01-27T19:05:53.710Z|localhost:1113:/logo.png
GET|2021-01-27T19:05:53.833Z|localhost:1113:/icono.png
GET|2021-01-27T19:09:01.173Z|localhost:1113:/cursos.html
GET|2021-01-27T19:09:01.207Z|localhost:1113:/logo.png
GET|2021-01-27T19:09:01.322Z|localhost:1113:/icono.png
GET|2021-01-27T19:12:43.871Z|localhost:1113:/cursos.html
GET|2021-01-27T19:12:43.901Z|localhost:1113:/logo.png
GET|2021-01-27T19:12:44.017Z|localhost:1113:/icono.png
GET|2021-01-27T19:12:46.817Z|localhost:1113:/cursos.html
GET|2021-01-27T19:12:46.845Z|localhost:1113:/logo.png
GET|2021-01-27T19:12:46.977Z|localhost:1113:/icono.png
GET|2021-01-27T19:12:55.058Z|localhost:1113:/cursos.html
GET|2021-01-27T19:12:55.098Z|localhost:1113:/logo.png
GET|2021-01-27T19:12:55.256Z|localhost:1113:/icono.png
GET|2021-01-27T19:14:03.573Z|localhost:1113:/cursos.html
GET|2021-01-27T19:14:03.599Z|localhost:1113:/logo.png
GET|2021-01-27T19:14:03.713Z|localhost:1113:/icono.png
GET|2021-01-27T19:17:20.160Z|localhost:1113:/cursos.html
GET|2021-01-27T19:17:20.224Z|localhost:1113:/logo.png
GET|2021-01-27T19:17:20.478Z|localhost:1113:/icono.png
GET|2021-01-27T19:19:22.630Z|localhost:1113:/cursos.html
GET|2021-01-27T19:19:22.698Z|localhost:1113:/logo.png
GET|2021-01-27T19:19:22.965Z|localhost:1113:/icono.png
GET|2021-01-27T19:21:00.512Z|localhost:1113:/cursos.html
GET|2021-01-27T19:21:00.567Z|localhost:1113:/logo.png
GET|2021-01-27T19:39:57.719Z|localhost:1113:/cursos.html
GET|2021-01-27T19:39:57.756Z|localhost:1113:/icono.png
GET|2021-01-27T19:39:57.829Z|localhost:1113:/logo.png
GET|2021-01-27T19:39:57.915Z|localhost:1113:/icono.png
GET|2021-01-27T19:40:06.503Z|localhost:1113:/cursos.html
GET|2021-01-27T19:40:06.538Z|localhost:1113:/logo.png
GET|2021-01-27T19:40:06.700Z|localhost:1113:/icono.png
GET|2021-01-27T19:40:48.647Z|localhost:1113:/cursos.html
GET|2021-01-27T19:40:48.677Z|localhost:1113:/logo.png
GET|2021-01-27T19:40:48.798Z|localhost:1113:/icono.png
GET|2021-01-27T19:42:50.404Z|localhost:1113:/cursos.html
GET|2021-01-27T19:42:50.440Z|localhost:1113:/logo.png
GET|2021-01-27T19:42:50.563Z|localhost:1113:/icono.png
GET|2021-01-27T19:43:04.250Z|localhost:1113:/cursos.html
GET|2021-01-27T19:43:04.283Z|localhost:1113:/logo.png
GET|2021-01-27T19:43:04.401Z|localhost:1113:/icono.png
GET|2021-01-27T19:43:53.915Z|localhost:1113:/cursos.html
GET|2021-01-27T19:43:53.941Z|localhost:1113:/logo.png
GET|2021-01-27T19:43:54.071Z|localhost:1113:/icono.png
GET|2021-01-27T19:44:12.886Z|localhost:1113:/cursos.html
GET|2021-01-27T19:44:12.919Z|localhost:1113:/logo.png
GET|2021-01-27T19:44:15.313Z|localhost:1113:/icono.png
GET|2021-01-27T19:44:55.742Z|localhost:1113:/cursos.html
GET|2021-01-27T19:44:55.782Z|localhost:1113:/logo.png
GET|2021-01-27T19:44:55.927Z|localhost:1113:/icono.png
GET|2021-01-27T19:46:07.383Z|localhost:1113:/cursos.html
GET|2021-01-27T19:46:07.414Z|localhost:1113:/logo.png
GET|2021-01-27T19:46:07.546Z|localhost:1113:/icono.png
GET|2021-01-27T19:49:42.113Z|localhost:1113:/cursos.html
GET|2021-01-27T19:49:42.142Z|localhost:1113:/logo.png
GET|2021-01-27T19:49:42.273Z|localhost:1113:/icono.png
GET|2021-01-27T19:49:43.439Z|localhost:1113:/cursos.html
GET|2021-01-27T19:49:43.466Z|localhost:1113:/logo.png
GET|2021-01-27T19:49:43.598Z|localhost:1113:/icono.png
GET|2021-01-27T19:50:32.006Z|localhost:1113:/cursos.html
GET|2021-01-27T19:50:32.036Z|localhost:1113:/logo.png
GET|2021-01-27T19:50:32.167Z|localhost:1113:/icono.png
GET|2021-01-27T19:52:16.559Z|localhost:1113:/cursos.html
GET|2021-01-27T19:52:16.587Z|localhost:1113:/logo.png
GET|2021-01-27T19:52:16.725Z|localhost:1113:/icono.png
GET|2021-01-27T19:52:38.077Z|localhost:1113:/cursos.html
GET|2021-01-27T19:52:38.106Z|localhost:1113:/logo.png
GET|2021-01-27T19:52:38.234Z|localhost:1113:/icono.png
GET|2021-01-27T19:52:48.716Z|localhost:1113:/cursos.html
GET|2021-01-27T19:52:48.745Z|localhost:1113:/logo.png
GET|2021-01-27T19:52:48.879Z|localhost:1113:/icono.png
GET|2021-01-27T19:52:59.115Z|localhost:1113:/cursos.html
GET|2021-01-27T19:52:59.146Z|localhost:1113:/logo.png
GET|2021-01-27T19:52:59.273Z|localhost:1113:/icono.png
GET|2021-01-27T19:53:20.239Z|localhost:1113:/cursos.html
GET|2021-01-27T19:53:20.266Z|localhost:1113:/logo.png
GET|2021-01-27T19:53:20.396Z|localhost:1113:/icono.png
GET|2021-01-27T19:53:28.781Z|localhost:1113:/cursos.html
GET|2021-01-27T19:53:28.812Z|localhost:1113:/logo.png
GET|2021-01-27T19:53:28.945Z|localhost:1113:/icono.png
GET|2021-01-27T19:58:57.090Z|localhost:1113:/cursos.html
GET|2021-01-27T19:58:57.123Z|localhost:1113:/logo.png
GET|2021-01-27T19:58:57.259Z|localhost:1113:/icono.png
GET|2021-01-27T19:59:32.069Z|localhost:1113:/cursos.html
GET|2021-01-27T19:59:32.095Z|localhost:1113:/logo.png
GET|2021-01-27T19:59:32.236Z|localhost:1113:/icono.png
GET|2021-01-27T19:59:33.707Z|localhost:1113:/cursos.html
GET|2021-01-27T19:59:33.738Z|localhost:1113:/logo.png
GET|2021-01-27T19:59:33.886Z|localhost:1113:/icono.png
GET|2021-01-27T20:00:06.854Z|localhost:1113:/cursos.html
GET|2021-01-27T20:00:06.880Z|localhost:1113:/logo.png
GET|2021-01-27T20:00:07.014Z|localhost:1113:/icono.png
GET|2021-01-27T20:01:13.487Z|localhost:1113:/cursos.html
GET|2021-01-27T20:01:13.515Z|localhost:1113:/logo.png
GET|2021-01-27T20:01:13.655Z|localhost:1113:/icono.png
GET|2021-01-27T20:02:21.438Z|localhost:1113:/cursos.html
GET|2021-01-27T20:02:21.471Z|localhost:1113:/logo.png
GET|2021-01-27T20:02:21.624Z|localhost:1113:/icono.png
GET|2021-01-27T20:05:35.629Z|localhost:1113:/cursos.html
GET|2021-01-27T20:05:35.662Z|localhost:1113:/logo.png
GET|2021-01-27T20:05:35.788Z|localhost:1113:/icono.png
GET|2021-01-27T20:05:36.802Z|localhost:1113:/cursos.html
GET|2021-01-27T20:05:36.832Z|localhost:1113:/logo.png
GET|2021-01-27T20:05:37.727Z|localhost:1113:/empleo.html
GET|2021-01-27T20:05:37.756Z|localhost:1113:/logo.png
GET|2021-01-27T20:05:41.785Z|localhost:1113:/empleo
GET|2021-01-27T20:05:41.820Z|localhost:1113:/logo.png
GET|2021-01-27T20:05:53.628Z|localhost:1113:/cursos
GET|2021-01-27T20:05:53.658Z|localhost:1113:/logo.png
GET|2021-01-27T20:06:59.613Z|localhost:1113:/empleo.html
GET|2021-01-27T20:06:59.647Z|localhost:1113:/logo.png
GET|2021-01-27T20:07:01.411Z|localhost:1113:/cursos
GET|2021-01-27T20:07:01.441Z|localhost:1113:/logo.png
GET|2021-01-27T20:07:15.154Z|localhost:1113:/cursos
GET|2021-01-27T20:07:15.188Z|localhost:1113:/logo.png
GET|2021-01-27T20:07:16.585Z|localhost:1113:/empleo
GET|2021-01-27T20:07:16.616Z|localhost:1113:/logo.png
GET|2021-01-27T20:07:18.358Z|localhost:1113:/alumnos.html
GET|2021-01-27T20:07:18.389Z|localhost:1113:/logo.png
GET|2021-01-27T20:07:19.327Z|localhost:1113:/empleo
GET|2021-01-27T20:07:19.360Z|localhost:1113:/logo.png
GET|2021-01-27T20:07:20.740Z|localhost:1113:/empleo.html
GET|2021-01-27T20:07:20.774Z|localhost:1113:/logo.png
GET|2021-01-27T20:07:21.554Z|localhost:1113:/empleo
GET|2021-01-27T20:07:21.584Z|localhost:1113:/logo.png
GET|2021-01-27T20:11:16.968Z|localhost:1113:/index.html
GET|2021-01-27T20:11:17.009Z|localhost:1113:/logo.png
GET|2021-01-27T20:11:19.022Z|localhost:1113:/cursos
GET|2021-01-27T20:11:19.053Z|localhost:1113:/logo.png
GET|2021-01-27T20:11:20.124Z|localhost:1113:/empleo
GET|2021-01-27T20:11:20.156Z|localhost:1113:/logo.png
GET|2021-01-27T20:11:20.961Z|localhost:1113:/alumnos
GET|2021-01-27T20:11:20.992Z|localhost:1113:/logo.png
GET|2021-01-27T20:11:22.513Z|localhost:1113:/empresas
GET|2021-01-27T20:11:22.546Z|localhost:1113:/logo.png
GET|2021-01-27T20:11:23.643Z|localhost:1113:/blog
GET|2021-01-27T20:11:23.673Z|localhost:1113:/logo.png
GET|2021-01-27T20:11:25.508Z|localhost:1113:/cursos
GET|2021-01-27T20:11:25.537Z|localhost:1113:/logo.png
GET|2021-01-27T20:11:26.316Z|localhost:1113:/index
GET|2021-01-27T20:11:26.345Z|localhost:1113:/logo.png
GET|2021-01-27T20:11:27.686Z|localhost:1113:/index
GET|2021-01-27T20:11:27.720Z|localhost:1113:/logo.png
GET|2021-01-27T20:11:29.519Z|localhost:1113:/index
GET|2021-01-27T20:11:29.551Z|localhost:1113:/logo.png
GET|2021-01-27T20:11:30.556Z|localhost:1113:/cursos
GET|2021-01-27T20:11:30.586Z|localhost:1113:/logo.png
GET|2021-01-27T20:11:31.256Z|localhost:1113:/index
GET|2021-01-27T20:11:31.288Z|localhost:1113:/logo.png
GET|2021-01-27T20:11:32.211Z|localhost:1113:/empleo
GET|2021-01-27T20:11:32.243Z|localhost:1113:/logo.png
GET|2021-01-27T20:11:32.950Z|localhost:1113:/alumnos
GET|2021-01-27T20:11:32.987Z|localhost:1113:/logo.png
GET|2021-01-27T20:11:34.309Z|localhost:1113:/alumnos
GET|2021-01-27T20:11:34.335Z|localhost:1113:/logo.png
GET|2021-01-27T20:11:34.452Z|localhost:1113:/icono.png
GET|2021-01-27T20:11:35.063Z|localhost:1113:/index
GET|2021-01-27T20:11:35.092Z|localhost:1113:/logo.png
GET|2021-01-27T20:12:12.649Z|localhost:1113:/cursos
GET|2021-01-27T20:12:12.680Z|localhost:1113:/logo.png
GET|2021-01-27T20:12:14.873Z|localhost:1113:/empleo
GET|2021-01-27T20:12:14.905Z|localhost:1113:/logo.png
GET|2021-01-27T20:12:16.370Z|localhost:1113:/alumnos
GET|2021-01-27T20:12:16.403Z|localhost:1113:/logo.png
GET|2021-01-27T20:12:17.276Z|localhost:1113:/empresas
GET|2021-01-27T20:12:17.304Z|localhost:1113:/logo.png
GET|2021-01-27T20:12:17.997Z|localhost:1113:/blog
GET|2021-01-27T20:12:18.027Z|localhost:1113:/logo.png
GET|2021-01-27T20:12:18.745Z|localhost:1113:/cursos
GET|2021-01-27T20:12:18.776Z|localhost:1113:/logo.png
GET|2021-01-27T20:12:19.461Z|localhost:1113:/index
GET|2021-01-27T20:12:19.493Z|localhost:1113:/logo.png
GET|2021-01-27T20:12:20.941Z|localhost:1113:/cursos
GET|2021-01-27T20:12:20.972Z|localhost:1113:/logo.png
GET|2021-01-27T20:12:25.565Z|localhost:1113:/cursos
GET|2021-01-27T20:12:25.595Z|localhost:1113:/logo.png
GET|2021-01-27T20:15:13.648Z|localhost:1113:/cursos
GET|2021-01-27T20:15:13.674Z|localhost:1113:/logo.png
GET|2021-01-27T20:15:13.798Z|localhost:1113:/icono.png
GET|2021-01-27T20:18:12.555Z|localhost:1113:/cursos
GET|2021-01-27T20:18:12.583Z|localhost:1113:/logo.png
GET|2021-01-27T20:18:12.702Z|localhost:1113:/icono.png
GET|2021-01-27T20:18:13.391Z|localhost:1113:/cursos
GET|2021-01-27T20:18:13.414Z|localhost:1113:/logo.png
GET|2021-01-27T20:18:13.541Z|localhost:1113:/icono.png
GET|2021-01-27T20:18:23.505Z|localhost:1113:/cursos
GET|2021-01-27T20:18:23.533Z|localhost:1113:/logo.png
GET|2021-01-27T20:18:23.666Z|localhost:1113:/icono.png
GET|2021-01-27T20:18:41.206Z|localhost:1113:/cursos
GET|2021-01-27T20:18:41.236Z|localhost:1113:/logo.png
GET|2021-01-27T20:18:41.363Z|localhost:1113:/icono.png
GET|2021-01-27T20:18:46.172Z|localhost:1113:/index
GET|2021-01-27T20:18:46.203Z|localhost:1113:/logo.png
GET|2021-01-27T20:18:47.543Z|localhost:1113:/empleo
GET|2021-01-27T20:18:47.573Z|localhost:1113:/logo.png
GET|2021-01-27T20:18:48.279Z|localhost:1113:/alumnos
GET|2021-01-27T20:18:48.309Z|localhost:1113:/logo.png
GET|2021-01-27T20:18:48.859Z|localhost:1113:/empresas
GET|2021-01-27T20:18:48.886Z|localhost:1113:/logo.png
GET|2021-01-27T20:18:49.485Z|localhost:1113:/blog
GET|2021-01-27T20:18:49.512Z|localhost:1113:/logo.png
GET|2021-01-27T20:18:50.147Z|localhost:1113:/index
GET|2021-01-27T20:18:50.184Z|localhost:1113:/logo.png
GET|2021-01-27T20:18:51.051Z|localhost:1113:/cursos
GET|2021-01-27T20:18:51.083Z|localhost:1113:/logo.png
GET|2021-01-27T20:24:12.906Z|localhost:1113:/curso
GET|2021-01-27T20:24:12.941Z|localhost:1113:/logo.png
GET|2021-01-27T20:24:18.484Z|localhost:1113:/cursodhshds
GET|2021-01-27T20:24:18.594Z|localhost:1113:/logo.png
GET|2021-01-27T20:24:23.367Z|localhost:1113:/cursos
GET|2021-01-27T20:24:23.400Z|localhost:1113:/logo.png
GET|2021-01-27T20:25:30.884Z|localhost:1113:/cursossjdjso.html
GET|2021-01-27T20:25:30.918Z|localhost:1113:/logo.png
GET|2021-01-27T20:25:33.861Z|localhost:1113:/cursos
GET|2021-01-27T20:25:33.892Z|localhost:1113:/logo.png
GET|2021-01-28T17:00:56.618Z|localhost:1113:/
GET|2021-01-28T17:00:56.702Z|localhost:1113:/logo.png
GET|2021-01-28T17:00:56.919Z|localhost:1113:/icono.png
GET|2021-01-28T17:01:11.252Z|localhost:1113:/index
GET|2021-01-28T17:01:11.282Z|localhost:1113:/logo.png
GET|2021-01-28T17:01:12.855Z|localhost:1113:/cursos
GET|2021-01-28T17:01:12.881Z|localhost:1113:/logo.png
GET|2021-01-28T17:01:13.813Z|localhost:1113:/empleo
GET|2021-01-28T17:01:13.861Z|localhost:1113:/logo.png
GET|2021-01-28T17:01:14.792Z|localhost:1113:/alumnos
GET|2021-01-28T17:01:14.840Z|localhost:1113:/logo.png
GET|2021-01-28T17:01:16.360Z|localhost:1113:/cursos
GET|2021-01-28T17:01:16.408Z|localhost:1113:/logo.png
GET|2021-01-28T17:01:17.704Z|localhost:1113:/cursos
GET|2021-01-28T17:01:17.738Z|localhost:1113:/logo.png
GET|2021-01-28T17:01:19.744Z|localhost:1113:/cursos
GET|2021-01-28T17:01:19.789Z|localhost:1113:/logo.png
GET|2021-01-28T17:01:31.263Z|localhost:1113:/cursos
GET|2021-01-28T17:01:31.310Z|localhost:1113:/logo.png
GET|2021-01-28T17:09:50.485Z|localhost:1113:/cursos
GET|2021-01-28T17:09:50.526Z|localhost:1113:/logo.png
GET|2021-01-28T17:09:52.986Z|localhost:1113:/empleo
GET|2021-01-28T17:09:53.023Z|localhost:1113:/logo.png
GET|2021-01-28T17:09:53.926Z|localhost:1113:/alumnos
GET|2021-01-28T17:09:53.962Z|localhost:1113:/logo.png
GET|2021-01-28T17:09:55.771Z|localhost:1113:/cursos
GET|2021-01-28T17:09:55.806Z|localhost:1113:/logo.png
GET|2021-01-28T17:10:00.030Z|localhost:1113:/empleo
GET|2021-01-28T17:10:00.063Z|localhost:1113:/logo.png
GET|2021-01-28T17:10:00.813Z|localhost:1113:/alumnos
GET|2021-01-28T17:10:00.846Z|localhost:1113:/logo.png
GET|2021-01-28T17:10:03.188Z|localhost:1113:/cursos
GET|2021-01-28T17:10:03.225Z|localhost:1113:/logo.png
GET|2021-01-28T17:10:10.825Z|localhost:1113:/cursos
GET|2021-01-28T17:10:10.858Z|localhost:1113:/logo.png
GET|2021-01-28T17:10:11.519Z|localhost:1113:/index
GET|2021-01-28T17:10:11.555Z|localhost:1113:/logo.png
GET|2021-01-28T17:10:12.452Z|localhost:1113:/cursos
GET|2021-01-28T17:10:12.485Z|localhost:1113:/logo.png
GET|2021-01-28T17:10:12.925Z|localhost:1113:/empleo
GET|2021-01-28T17:10:12.957Z|localhost:1113:/logo.png
GET|2021-01-28T17:10:16.590Z|localhost:1113:/cursos
GET|2021-01-28T17:10:16.623Z|localhost:1113:/logo.png
GET|2021-01-28T17:10:17.439Z|localhost:1113:/empleo
GET|2021-01-28T17:10:17.472Z|localhost:1113:/logo.png
GET|2021-01-28T17:10:18.084Z|localhost:1113:/alumnos
GET|2021-01-28T17:10:18.120Z|localhost:1113:/logo.png
GET|2021-01-28T17:10:19.121Z|localhost:1113:/empresas
GET|2021-01-28T17:10:19.154Z|localhost:1113:/logo.png
GET|2021-01-28T17:10:20.190Z|localhost:1113:/blog
GET|2021-01-28T17:10:20.224Z|localhost:1113:/logo.png
GET|2021-01-28T17:10:21.289Z|localhost:1113:/cursos
GET|2021-01-28T17:10:21.325Z|localhost:1113:/logo.png
GET|2021-01-28T17:12:08.271Z|localhost:1113:/empleo
GET|2021-01-28T17:12:08.293Z|localhost:1113:/logo.png
GET|2021-01-28T17:12:10.200Z|localhost:1113:/empleo
GET|2021-01-28T17:12:10.222Z|localhost:1113:/logo.png
GET|2021-01-28T17:12:32.000Z|localhost:1113:/cursos
GET|2021-01-28T17:12:32.029Z|localhost:1113:/logo.png
GET|2021-01-28T17:12:39.145Z|localhost:1113:/empleo
GET|2021-01-28T17:12:39.179Z|localhost:1113:/logo.png
GET|2021-01-28T17:12:39.803Z|localhost:1113:/alumnos
GET|2021-01-28T17:12:39.829Z|localhost:1113:/logo.png
GET|2021-01-28T17:12:40.957Z|localhost:1113:/empresas
GET|2021-01-28T17:12:40.984Z|localhost:1113:/logo.png
GET|2021-01-28T17:12:41.500Z|localhost:1113:/blog
GET|2021-01-28T17:12:41.526Z|localhost:1113:/logo.png
GET|2021-01-28T17:12:42.539Z|localhost:1113:/index
GET|2021-01-28T17:12:42.565Z|localhost:1113:/logo.png
GET|2021-01-28T17:12:44.676Z|localhost:1113:/cursos
GET|2021-01-28T17:12:44.696Z|localhost:1113:/logo.png
GET|2021-01-28T17:13:58.568Z|localhost:1113:/cursos
GET|2021-01-28T17:14:29.762Z|localhost:1113:/logo.png
GET|2021-01-28T17:14:35.627Z|localhost:1113:/icono.png