
GET|2021-01-22T21:52:58.388Z|localhost:1111:/
GET|2021-01-22T21:52:58.436Z|localhost:1111:/script.js
GET|2021-01-22T21:52:58.536Z|localhost:1111:/logo-marca.png
GET|2021-01-22T22:05:03.420Z|localhost:1111:/
GET|2021-01-22T22:05:03.483Z|localhost:1111:/script.js
GET|2021-01-22T22:05:03.571Z|localhost:1111:/logo-marca.png
GET|2021-01-22T22:08:59.028Z|localhost:1111:/index.html
GET|2021-01-22T22:08:59.113Z|localhost:1111:/script.js
GET|2021-01-22T22:08:59.247Z|localhost:1111:/logo-marca.png
GET|2021-01-22T22:09:01.068Z|localhost:1111:/futbol.html
GET|2021-01-22T22:09:01.154Z|localhost:1111:/logo-marca.png
GET|2021-01-22T22:09:02.844Z|localhost:1111:/basket.html
GET|2021-01-22T22:09:02.923Z|localhost:1111:/logo-marca.png
GET|2021-01-22T22:09:03.672Z|localhost:1111:/motor.html
GET|2021-01-22T22:09:03.752Z|localhost:1111:/logo-marca.png
GET|2021-01-22T22:09:04.483Z|localhost:1111:/polidep.html
GET|2021-01-22T22:09:04.557Z|localhost:1111:/logo-marca.png
GET|2021-01-22T22:09:05.193Z|localhost:1111:/coches.html
GET|2021-01-22T22:09:05.271Z|localhost:1111:/logo-marca.png
GET|2021-01-22T22:09:06.466Z|localhost:1111:/futbol.html
GET|2021-01-22T22:09:06.539Z|localhost:1111:/logo-marca.png
GET|2021-01-22T22:52:49.644Z|localhost:1111:/futbol.html
GET|2021-01-22T22:52:49.718Z|localhost:1111:/logo-marca.png
GET|2021-01-22T22:53:49.217Z|localhost:1111:/futbol.html
GET|2021-01-22T22:53:49.282Z|localhost:1111:/logo-marca.png
GET|2021-01-22T22:53:52.219Z|localhost:1111:/index.html
GET|2021-01-22T22:53:52.275Z|localhost:1111:/logo-marca.png
GET|2021-01-22T22:53:52.277Z|localhost:1111:/script.js
GET|2021-01-22T22:53:54.527Z|localhost:1111:/futbol.html
GET|2021-01-22T22:53:54.594Z|localhost:1111:/logo-marca.png
GET|2021-01-22T22:54:34.963Z|localhost:1111:/futbol.html
GET|2021-01-22T22:54:35.037Z|localhost:1111:/logo-marca.png
GET|2021-01-22T22:54:49.515Z|localhost:1111:/futbol.html
GET|2021-01-22T22:54:49.597Z|localhost:1111:/logo-marca.png
GET|2021-01-22T22:54:51.305Z|localhost:1111:/index.html
GET|2021-01-22T22:54:51.365Z|localhost:1111:/script.js
GET|2021-01-22T22:54:51.368Z|localhost:1111:/logo-marca.png
GET|2021-01-22T22:56:42.444Z|localhost:1111:/index.html
GET|2021-01-22T22:56:42.508Z|localhost:1111:/script.js
GET|2021-01-22T22:56:42.510Z|localhost:1111:/logo-marca.png
GET|2021-01-22T22:56:45.963Z|localhost:1111:/futbol.html
GET|2021-01-22T22:56:46.015Z|localhost:1111:/logo-marca.png
GET|2021-01-22T22:56:47.225Z|localhost:1111:/index.html
GET|2021-01-22T22:56:47.289Z|localhost:1111:/script.js
GET|2021-01-22T22:56:47.294Z|localhost:1111:/logo-marca.png
GET|2021-01-22T22:59:10.753Z|localhost:1111:/index.html
GET|2021-01-22T22:59:10.814Z|localhost:1111:/script.js
GET|2021-01-22T22:59:10.817Z|localhost:1111:/logo-marca.png
GET|2021-01-22T22:59:19.733Z|localhost:1111:/
GET|2021-01-22T22:59:19.799Z|localhost:1111:/script.js
GET|2021-01-22T22:59:19.801Z|localhost:1111:/logo-marca.png
GET|2021-01-22T23:00:27.956Z|localhost:1111:/
GET|2021-01-22T23:00:28.076Z|localhost:1111:/script.js
GET|2021-01-22T23:00:28.078Z|localhost:1111:/logo-marca.png
GET|2021-01-22T23:00:57.550Z|localhost:1111:/
GET|2021-01-22T23:00:57.633Z|localhost:1111:/script.js
GET|2021-01-22T23:00:57.636Z|localhost:1111:/logo-marca.png
GET|2021-01-22T23:01:17.930Z|localhost:1111:/index.html
GET|2021-01-22T23:01:17.997Z|localhost:1111:/script.js
GET|2021-01-22T23:01:18.001Z|localhost:1111:/logo-marca.png
GET|2021-01-22T23:01:20.018Z|localhost:1111:/futbol.html
GET|2021-01-22T23:01:20.087Z|localhost:1111:/logo-marca.png
GET|2021-01-22T23:01:20.853Z|localhost:1111:/basket.html
GET|2021-01-22T23:01:20.901Z|localhost:1111:/logo-marca.png
GET|2021-01-22T23:01:21.629Z|localhost:1111:/motor.html
GET|2021-01-22T23:01:21.677Z|localhost:1111:/logo-marca.png
GET|2021-01-22T23:01:22.143Z|localhost:1111:/polidep.html
GET|2021-01-22T23:01:22.209Z|localhost:1111:/logo-marca.png
GET|2021-01-22T23:01:22.738Z|localhost:1111:/coches.html
GET|2021-01-22T23:01:22.790Z|localhost:1111:/logo-marca.png
GET|2021-01-22T23:01:23.809Z|localhost:1111:/futbol.html
GET|2021-01-22T23:01:23.872Z|localhost:1111:/logo-marca.png
GET|2021-01-24T18:37:49.599Z|localhost:1111:/
GET|2021-01-24T18:37:49.680Z|localhost:1111:/script.js
GET|2021-01-24T18:37:49.727Z|localhost:1111:/logo-marca.png
GET|2021-01-24T18:37:55.007Z|localhost:1111:/index.html
GET|2021-01-24T18:37:55.034Z|localhost:1111:/script.js
GET|2021-01-24T18:37:55.035Z|localhost:1111:/logo-marca.png
GET|2021-01-24T18:38:58.471Z|localhost:1111:/basket.html
GET|2021-01-24T18:38:58.504Z|localhost:1111:/logo-marca.png
GET|2021-01-24T18:38:59.436Z|localhost:1111:/motor.html
GET|2021-01-24T18:38:59.464Z|localhost:1111:/logo-marca.png
GET|2021-01-24T18:39:00.113Z|localhost:1111:/polidep.html
GET|2021-01-24T18:39:00.142Z|localhost:1111:/logo-marca.png
GET|2021-01-24T18:39:00.689Z|localhost:1111:/coches.html
GET|2021-01-24T18:39:00.722Z|localhost:1111:/logo-marca.png
GET|2021-01-24T18:39:02.075Z|localhost:1111:/futbol.html
GET|2021-01-24T18:39:02.100Z|localhost:1111:/logo-marca.png
GET|2021-01-24T18:39:02.560Z|localhost:1111:/index.html
GET|2021-01-24T18:39:02.587Z|localhost:1111:/script.js
GET|2021-01-24T18:39:02.589Z|localhost:1111:/logo-marca.png
GET|2021-01-24T18:42:30.234Z|localhost:1111:/script.js
GET|2021-01-24T18:42:30.238Z|localhost:1111:/logo-marca.png
GET|2021-01-24T18:43:07.456Z|localhost:1111:/index.html
GET|2021-01-24T18:43:07.487Z|localhost:1111:/script.js
GET|2021-01-24T18:43:07.489Z|localhost:1111:/logo-marca.png
GET|2021-01-24T18:43:20.763Z|localhost:1111:/index.html
GET|2021-01-24T18:43:20.807Z|localhost:1111:/script.js
GET|2021-01-24T18:43:20.810Z|localhost:1111:/logo-marca.png
GET|2021-01-24T18:44:00.682Z|localhost:1111:/index.html
GET|2021-01-24T18:44:21.393Z|localhost:1111:/script.js
GET|2021-01-24T18:44:36.692Z|localhost:1111:/logo-marca.png
GET|2021-01-24T18:46:27.816Z|localhost:1111:/index.html
GET|2021-01-24T18:46:32.156Z|localhost:1111:/script.js
GET|2021-01-24T18:46:38.775Z|localhost:1111:/logo-marca.png
GET|2021-01-24T18:47:40.844Z|localhost:1111:/index.html
GET|2021-01-24T18:47:44.336Z|localhost:1111:/script.js
GET|2021-01-24T18:47:53.310Z|localhost:1111:/logo-marca.png
GET|2021-01-24T18:48:23.251Z|localhost:1111:/icono.png
GET|2021-01-24T18:50:04.242Z|localhost:1111:/index.html
GET|2021-01-24T18:50:04.289Z|localhost:1111:/script.js
GET|2021-01-24T18:50:04.290Z|localhost:1111:/logo-marca.png
GET|2021-01-24T18:50:05.672Z|localhost:1111:/icono.png
GET|2021-01-24T18:50:08.257Z|localhost:1111:/futbol.html
GET|2021-01-24T18:50:08.282Z|localhost:1111:/logo-marca.png
GET|2021-01-24T18:50:09.238Z|localhost:1111:/basket.html
GET|2021-01-24T18:50:09.265Z|localhost:1111:/logo-marca.png
GET|2021-01-24T18:50:10.220Z|localhost:1111:/motor.html
GET|2021-01-24T18:50:10.252Z|localhost:1111:/logo-marca.png
GET|2021-01-24T18:50:10.885Z|localhost:1111:/polidep.html
GET|2021-01-24T18:50:10.907Z|localhost:1111:/logo-marca.png
GET|2021-01-24T18:50:11.543Z|localhost:1111:/coches.html
GET|2021-01-24T18:50:11.564Z|localhost:1111:/logo-marca.png
GET|2021-01-24T18:50:12.263Z|localhost:1111:/index.html
GET|2021-01-24T18:50:12.288Z|localhost:1111:/script.js
GET|2021-01-24T18:50:12.290Z|localhost:1111:/logo-marca.png
GET|2021-01-24T20:25:21.524Z|localhost:1111:/index.html
GET|2021-01-24T20:25:21.558Z|localhost:1111:/script.js
GET|2021-01-24T20:25:21.609Z|localhost:1111:/logo-marca.png
GET|2021-01-24T20:25:23.871Z|localhost:1111:/index.html
GET|2021-01-24T20:25:23.902Z|localhost:1111:/script.js
GET|2021-01-24T20:25:23.905Z|localhost:1111:/logo-marca.png
GET|2021-01-24T20:25:28.067Z|localhost:1111:/futbol.html
GET|2021-01-24T20:25:28.100Z|localhost:1111:/logo-marca.png
GET|2021-01-24T20:25:29.212Z|localhost:1111:/basket.html
GET|2021-01-24T20:25:29.241Z|localhost:1111:/logo-marca.png
GET|2021-01-24T20:25:29.803Z|localhost:1111:/motor.html
GET|2021-01-24T20:25:29.831Z|localhost:1111:/logo-marca.png
GET|2021-01-24T20:25:30.242Z|localhost:1111:/polidep.html
GET|2021-01-24T20:25:30.277Z|localhost:1111:/logo-marca.png
GET|2021-01-24T20:25:30.799Z|localhost:1111:/coches.html
GET|2021-01-24T20:25:30.827Z|localhost:1111:/logo-marca.png
GET|2021-01-24T20:25:34.649Z|localhost:1111:/futbol.html
GET|2021-01-24T20:25:34.682Z|localhost:1111:/logo-marca.png
GET|2021-01-24T20:25:37.474Z|localhost:1111:/basket.html
GET|2021-01-24T20:25:37.500Z|localhost:1111:/logo-marca.png
GET|2021-01-24T20:26:03.502Z|localhost:1111:/futbol.html
GET|2021-01-24T20:26:03.533Z|localhost:1111:/logo-marca.png
GET|2021-01-24T20:26:31.643Z|localhost:1111:/basket.html
GET|2021-01-24T20:26:31.687Z|localhost:1111:/logo-marca.png
GET|2021-01-24T20:26:34.046Z|localhost:1111:/motor.html
GET|2021-01-24T20:26:34.076Z|localhost:1111:/logo-marca.png
GET|2021-01-24T20:26:35.184Z|localhost:1111:/polidep.html
GET|2021-01-24T20:26:35.214Z|localhost:1111:/logo-marca.png
GET|2021-01-24T20:26:36.034Z|localhost:1111:/coches.html
GET|2021-01-24T20:26:36.066Z|localhost:1111:/logo-marca.png
GET|2021-01-24T20:26:36.713Z|localhost:1111:/futbol.html
GET|2021-01-24T20:26:36.738Z|localhost:1111:/logo-marca.png
GET|2021-01-24T20:35:40.810Z|localhost:1111:/index.html
GET|2021-01-24T20:35:40.859Z|localhost:1111:/script.js
GET|2021-01-24T20:35:40.961Z|localhost:1111:/logo-marca.png
GET|2021-01-24T20:36:29.647Z|localhost:1111:/index.html
GET|2021-01-24T20:36:29.686Z|localhost:1111:/script.js
GET|2021-01-24T20:36:29.781Z|localhost:1111:/logo-marca.png
GET|2021-01-24T20:36:29.837Z|localhost:1111:/...
GET|2021-01-24T20:36:31.041Z|localhost:1111:/icono.png
GET|2021-01-24T20:37:15.139Z|localhost:1111:/index.html
GET|2021-01-24T20:37:15.179Z|localhost:1111:/script.js
GET|2021-01-24T20:37:15.301Z|localhost:1111:/logo-marca.png
GET|2021-01-24T20:37:16.542Z|localhost:1111:/icono.png
GET|2021-01-25T19:07:47.581Z|localhost:1111:/
GET|2021-01-25T19:07:47.656Z|localhost:1111:/script.js
GET|2021-01-25T19:07:47.721Z|localhost:1111:/logo-marca.png